<?xml version="1.0" encoding="UTF-8"?>
<testng-results ignored="0" total="1" passed="1" failed="0" skipped="0">
  <reporter-output>
  </reporter-output>
  <suite started-at="2024-05-09T13:14:28 GMT-07:00" name="Default suite" finished-at="2024-05-09T13:15:11 GMT-07:00" duration-ms="43536">
    <groups>
    </groups>
    <test started-at="2024-05-09T13:14:28 GMT-07:00" name="Default test" finished-at="2024-05-09T13:15:11 GMT-07:00" duration-ms="43536">
      <class name="Testcases.itemsSearch">
        <test-method is-config="true" signature="readpropertyfile()[pri:0, instance:Testcases.itemsSearch@74e28667]" started-at="2024-05-09T13:14:28 GMT-07:00" name="readpropertyfile" finished-at="2024-05-09T13:14:42 GMT-07:00" duration-ms="13735" status="PASS">
          <reporter-output>
          </reporter-output>
        </test-method> <!-- readpropertyfile -->
        <test-method signature="SearchItemFunctionalityTest()[pri:0, instance:Testcases.itemsSearch@74e28667]" started-at="2024-05-09T13:14:42 GMT-07:00" name="SearchItemFunctionalityTest" finished-at="2024-05-09T13:15:11 GMT-07:00" duration-ms="29677" status="PASS">
          <reporter-output>
          </reporter-output>
        </test-method> <!-- SearchItemFunctionalityTest -->
      </class> <!-- Testcases.itemsSearch -->
    </test> <!-- Default test -->
  </suite> <!-- Default suite -->
</testng-results>
