<?xml version="1.0" encoding="UTF-8"?>
<!-- Generated by org.testng.reporters.JUnitXMLReporter -->
<testsuite ignored="0" hostname="macusers-MacBook-Air.local" failures="1" tests="1" name="Test" time="15.462" errors="0" timestamp="2024-05-06T06:21:46 GMT-07:00">
  <testcase classname="Testcases.loginwithvalidcredentials" name="loginwithvalidemailandpassword" time="0.0">
    <failure type="org.testng.TestNGException" message="
Method public void Testcases.loginwithvalidcredentials.loginwithvalidemailandpassword(java.lang.String,java.lang.String) requires a @DataProvider named : validsignuudata in class Testcases.loginwithvalidcredentials">
      <![CDATA[org.testng.TestNGException: 
Method public void Testcases.loginwithvalidcredentials.loginwithvalidemailandpassword(java.lang.String,java.lang.String) requires a @DataProvider named : validsignuudata in class Testcases.loginwithvalidcredentials
at java.base/java.util.ArrayList.forEach(ArrayList.java:1511)
... Removed 24 stack frames]]>
    </failure>
  </testcase> <!-- loginwithvalidemailandpassword -->
</testsuite> <!-- Test -->
